<?xml version="1.0" encoding="UTF-8"?>
<testng-results ignored="0" total="1" passed="1" failed="0" skipped="0">
  <reporter-output>
  </reporter-output>
  <suite started-at="2022-06-17T16:54:25 COT" name="All Test Suite" finished-at="2022-06-17T16:54:25 COT" duration-ms="114">
    <groups>
      <group name="cucumber">
        <method signature="AbstractTestNGCucumberTests.runScenario(io.cucumber.testng.PickleWrapper,io.cucumber.testng.FeatureWrapper)[pri:0, instance:Runners.Run@6f3b5d16]" name="runScenario" class="io.cucumber.testng.AbstractTestNGCucumberTests"/>
      </group> <!-- cucumber -->
    </groups>
    <test started-at="2022-06-17T16:54:25 COT" name="/Applications/UdemyToMaster/CucumberTestNG" finished-at="2022-06-17T16:54:25 COT" duration-ms="114">
      <class name="Runners.Run">
        <test-method is-config="true" signature="setUpClass(org.testng.ITestContext)[pri:0, instance:Runners.Run@6f3b5d16]" started-at="2022-06-17T16:54:25 COT" name="setUpClass" finished-at="2022-06-17T16:54:25 COT" duration-ms="74" status="PASS">
          <params>
            <param index="0">
              <value>
                <![CDATA[org.testng.TestRunner@67b9b51a]]>
              </value>
            </param>
          </params>
          <reporter-output>
          </reporter-output>
        </test-method> <!-- setUpClass -->
        <test-method signature="runScenario(io.cucumber.testng.PickleWrapper,io.cucumber.testng.FeatureWrapper)[pri:0, instance:Runners.Run@6f3b5d16]" started-at="2022-06-17T16:54:25 COT" name="runScenario" description="Runs Cucumber Scenarios" data-provider="scenarios" finished-at="2022-06-17T16:54:25 COT" duration-ms="24" status="PASS">
          <params>
            <param index="0">
              <value>
                <![CDATA["User should be able to login with valid credetials"]]>
              </value>
            </param>
            <param index="1">
              <value>
                <![CDATA["Web Login"]]>
              </value>
            </param>
          </params>
          <reporter-output>
          </reporter-output>
        </test-method> <!-- runScenario -->
        <test-method is-config="true" signature="tearDownClass()[pri:0, instance:Runners.Run@6f3b5d16]" started-at="2022-06-17T16:54:25 COT" name="tearDownClass" finished-at="2022-06-17T16:54:25 COT" duration-ms="3" status="PASS">
          <reporter-output>
          </reporter-output>
        </test-method> <!-- tearDownClass -->
      </class> <!-- Runners.Run -->
    </test> <!-- /Applications/UdemyToMaster/CucumberTestNG -->
  </suite> <!-- All Test Suite -->
</testng-results>
